[star-cat-generator.vercel.app/index.html]
[backblue.gif]
[fade.gif]
[index.html]
[star-cat-generator.vercel.app/styles.css]
[cdnjs.cloudflare.com/ajax/libs/html2canvas/1.4.1/html2canvas.min.js]
[star-cat-generator.vercel.app/star catv2 (1).png]
[star-cat-generator.vercel.app/Empty.png]
[star-cat-generator.vercel.app/main.png]
[star-cat-generator.vercel.app/Forbidden button.png]
[star-cat-generator.vercel.app/accessories/bgs/Bg1.png]
[star-cat-generator.vercel.app/accessories/bgs/Bg2.png]
[star-cat-generator.vercel.app/accessories/bgs/Bg3.png]
[star-cat-generator.vercel.app/accessories/bgs/Bg4.png]
[star-cat-generator.vercel.app/accessories/bgs/Bg5.png]
[star-cat-generator.vercel.app/accessories/hats/1.png]
[star-cat-generator.vercel.app/accessories/hats/2.png]
[star-cat-generator.vercel.app/accessories/hats/3.png]
[star-cat-generator.vercel.app/accessories/hats/4.png]
[star-cat-generator.vercel.app/accessories/hats/5.png]
[star-cat-generator.vercel.app/accessories/hats/6.png]
[star-cat-generator.vercel.app/accessories/hats/7 (2).png]
[star-cat-generator.vercel.app/accessories/hats/8 (2).png]
[star-cat-generator.vercel.app/accessories/hats/9.png]
[star-cat-generator.vercel.app/accessories/hats/10.png]
[star-cat-generator.vercel.app/accessories/faces/7.png]
[star-cat-generator.vercel.app/accessories/faces/8.png]
[star-cat-generator.vercel.app/accessories/eyes/1 (2).png]
[star-cat-generator.vercel.app/accessories/eyes/2 (2).png]
[star-cat-generator.vercel.app/accessories/eyes/3 (2).png]
[star-cat-generator.vercel.app/accessories/eyes/4 (1).png]
[star-cat-generator.vercel.app/accessories/eyes/5 (1).png]
[star-cat-generator.vercel.app/accessories/eyes/6 (1).png]
[star-cat-generator.vercel.app/accessories/bodies/1 (3).png]
[star-cat-generator.vercel.app/accessories/bodies/2 (3).png]
[star-cat-generator.vercel.app/accessories/bodies/3 (3).png]
[star-cat-generator.vercel.app/accessories/bodies/4 (3).png]
[star-cat-generator.vercel.app/accessories/bodies/5 (3).png]
[star-cat-generator.vercel.app/accessories/bodies/6 (3).png]
[star-cat-generator.vercel.app/accessories/special/1 (4).png]
[star-cat-generator.vercel.app/accessories/special/2 (4).png]
[star-cat-generator.vercel.app/accessories/special/3 (4).png]
[star-cat-generator.vercel.app/accessories/special/4 (2).png]
[star-cat-generator.vercel.app/accessories/special/5 (2).png]
[star-cat-generator.vercel.app/accessories/special/6 (2).png]
[star-cat-generator.vercel.app/accessories/special/7 (1).png]
[star-cat-generator.vercel.app/accessories/special/8 (1).png]
[star-cat-generator.vercel.app/accessories/special/9 (1).png]
[star-cat-generator.vercel.app/accessories/special/10 (1).png]
[star-cat-generator.vercel.app/accessories/special/11.png]
[star-cat-generator.vercel.app/accessories/special/12.png]
[star-cat-generator.vercel.app/accessories/special/13.png]
[star-cat-generator.vercel.app/accessories/special/14.png]
[star-cat-generator.vercel.app/test.31.delayed]
[star-cat-generator.vercel.app/index.html]
[star-cat-generator.vercel.app/scripts.js]
[star-cat-generator.vercel.app/bg.jpg]
[star-cat-generator.vercel.app/styles.css]
[star-cat-generator.vercel.app/test.html]
